Arguments: 
  C:\Program Files\nodejs\node.exe C:\Users\22178\AppData\Roaming\npm\node_modules\yarn\bin\yarn.js install --offline

PATH: 
  C:\Oracle11g\app\oracle\product\11.2.0\server\bin;C:\Program Files (x86)\Common Files\Intel\Shared Libraries\redist\intel64\compiler;C:\Program Files\Eclipse Adoptium\jdk-17.0.1.12-hotspot\bin;C:\Program Files\Microsoft MPI\Bin\;C:\Program Files (x86)\Common Files\Oracle\Java\javapath;C:\Program Files\Common Files\Oracle\Java\javapath;C:\Python310\Scripts\;C:\Python310\;C:\Windows\system32;C:\Windows;C:\Windows\System32\Wbem;C:\Windows\System32\WindowsPowerShell\v1.0\;C:\Windows\System32\OpenSSH\;C:\ProgramData\chocolatey\bin;C:\Program Files\MongoDB\Server\5.0\bin;C:\Program Files\Microsoft SQL Server\150\Tools\Binn\;C:\Program Files\Microsoft SQL Server\Client SDK\ODBC\170\Tools\Binn\;C:\Program Files (x86)\Microsoft SQL Server\150\Tools\Binn\;C:\Program Files (x86)\Microsoft SQL Server\150\DTS\Binn\;C:\Program Files\Microsoft SQL Server\150\DTS\Binn\;C:\Program Files\Azure Data Studio\bin;C:\Program Files\Docker\Docker\resources\bin;C:\ProgramData\DockerDesktop\version-bin;C:\Program Files\Docker\Docker\resources\bin;C:\Program Files\Docker\cli-plugins;C:\composer;C:\Program Files\dotnet\;C:\Program Files\Git\cmd;C:\Program Files\Microsoft SQL Server\130\Tools\Binn\;C:\Program Files\nodejs\;C:\sqldeveloper;C:\php8.1;C:\symfony-cli_windows_amd64;C:\Users\22178\AppData\Local\Android\Sdk;C:\Program Files (x86)\dotnet\;C:\Users\22178\AppData\Local\Programs\Microsoft VS Code\bin;C:\Program Files\MongoDB\Server\5.0\bin;C:\Program Files\JetBrains\PyCharm Community Edition 2021.2.3\bin;;C:\Program Files\Azure Data Studio\bin;C:\Program Files\Docker\Docker\resources\bin;C:\Program Files\Docker\cli-plugins;C:\Users\22178\AppData\Roaming\Composer\vendor\bin;C:\Program Files\JetBrains\PhpStorm 2021.3.2\bin;;C:\Users\22178\.dotnet\tools;C:\Users\22178\AppData\Roaming\npm;C:\sqldeveloper;C:\php8.1;C:\symfony-cli_windows_amd64;

Yarn version: 
  1.22.18

Node version: 
  16.15.0

Platform: 
  win32 x64

Trace: 
  Invariant Violation: There should only be one folder in a package cache (got  in C:\Users\22178\AppData\Local\Yarn\Cache\v6\npm-@typescript-eslint-utils-5.20.0-b8e959ed11eca1b2d5414e12417fd94cae3517a5-integrity\node_modules\@typescript-eslint)
      at invariant (C:\Users\22178\AppData\Roaming\npm\node_modules\yarn\lib\cli.js:2314:15)
      at C:\Users\22178\AppData\Roaming\npm\node_modules\yarn\lib\cli.js:59843:11
      at Generator.next (<anonymous>)
      at step (C:\Users\22178\AppData\Roaming\npm\node_modules\yarn\lib\cli.js:310:30)
      at C:\Users\22178\AppData\Roaming\npm\node_modules\yarn\lib\cli.js:321:13

npm manifest: 
  {
    "name": "teranga-food",
    "version": "1.0.0",
    "main": "node_modules/expo/AppEntry.js",
    "scripts": {
      "start": "expo start",
      "android": "expo start --android",
      "ios": "expo start --ios",
      "web": "expo start --web",
      "eject": "expo eject"
    },
    "dependencies": {
      "expo": "~45.0.0",
      "expo-status-bar": "~1.3.0",
      "react": "17.0.2",
      "react-dom": "17.0.2",
      "react-native": "0.68.2",
      "react-native-web": "0.17.7"
    },
    "devDependencies": {
      "@babel/core": "^7.12.9"
    },
    "private": true
  }

yarn manifest: 
  No manifest

Lockfile: 
  No lockfile
